[debug] [2024-05-24T02:55:29.979Z] ----------------------------------------------------------------------
[debug] [2024-05-24T02:55:29.988Z] Command:       C:\Program Files\nodejs\node.exe C:\Users\FRESH\AppData\Roaming\npm\node_modules\firebase-tools\lib\bin\firebase.js init functions
[debug] [2024-05-24T02:55:29.989Z] CLI Version:   13.10.0
[debug] [2024-05-24T02:55:29.990Z] Platform:      win32
[debug] [2024-05-24T02:55:29.990Z] Node Version:  v21.2.0
[debug] [2024-05-24T02:55:29.991Z] Time:          Fri May 24 2024 03:55:29 GMT+0100 (West Africa Standard Time)
[debug] [2024-05-24T02:55:29.991Z] ----------------------------------------------------------------------
[debug] 
[debug] [2024-05-24T02:55:30.018Z] > command requires scopes: ["email","openid","https://www.googleapis.com/auth/cloudplatformprojects.readonly","https://www.googleapis.com/auth/firebase","https://www.googleapis.com/auth/cloud-platform"]
[debug] [2024-05-24T02:55:30.020Z] > authorizing via signed-in user (ibrahimolayiwola333@gmail.com)
[info] 
     ######## #### ########  ######## ########     ###     ######  ########
     ##        ##  ##     ## ##       ##     ##  ##   ##  ##       ##
     ######    ##  ########  ######   ########  #########  ######  ######
     ##        ##  ##    ##  ##       ##     ## ##     ##       ## ##
     ##       #### ##     ## ######## ########  ##     ##  ######  ########

You're about to initialize a Firebase project in this directory:

  C:\Users\FRESH\OneDrive\HIGHBEE\OneDrive\Documents\quaterz-project\quaterz

[info] 
=== Project Setup
[info] 
[info] First, let's associate this project directory with a Firebase project.
[info] You can create multiple project aliases by running firebase use --add, 
[info] but for now we'll just set up a default project.
[info] 
[debug] [2024-05-24T02:56:15.369Z] > refreshing access token with scopes: []
[debug] [2024-05-24T02:56:15.372Z] >>> [apiv2][query] POST https://www.googleapis.com/oauth2/v3/token [none]
[debug] [2024-05-24T02:56:15.372Z] >>> [apiv2][body] POST https://www.googleapis.com/oauth2/v3/token [omitted]
[debug] [2024-05-24T02:56:16.069Z] <<< [apiv2][status] POST https://www.googleapis.com/oauth2/v3/token 400
[debug] [2024-05-24T02:56:16.069Z] <<< [apiv2][body] POST https://www.googleapis.com/oauth2/v3/token [omitted]
[debug] [2024-05-24T02:56:16.072Z] >>> [apiv2][query] GET https://firebase.googleapis.com/v1beta1/projects pageSize=100
[debug] [2024-05-24T02:56:16.477Z] <<< [apiv2][status] GET https://firebase.googleapis.com/v1beta1/projects 401
[debug] [2024-05-24T02:56:16.478Z] <<< [apiv2][body] GET https://firebase.googleapis.com/v1beta1/projects [omitted]
[debug] [2024-05-24T02:56:16.480Z] HTTP Error: 401, Request had invalid authentication credentials. Expected OAuth 2 access token, login cookie or other valid authentication credential. See https://developers.google.com/identity/sign-in/web/devconsole-project.
[debug] [2024-05-24T02:56:16.882Z] FirebaseError: HTTP Error: 401, Request had invalid authentication credentials. Expected OAuth 2 access token, login cookie or other valid authentication credential. See https://developers.google.com/identity/sign-in/web/devconsole-project.
    at responseToError (C:\Users\FRESH\AppData\Roaming\npm\node_modules\firebase-tools\lib\responseToError.js:49:12)
    at RetryOperation._fn (C:\Users\FRESH\AppData\Roaming\npm\node_modules\firebase-tools\lib\apiv2.js:305:77)
    at process.processTicksAndRejections (node:internal/process/task_queues:95:5)
[error] 
[error] Error: Failed to list Firebase projects. See firebase-debug.log for more info.
[debug] [2024-05-24T02:56:51.040Z] ----------------------------------------------------------------------
[debug] [2024-05-24T02:56:51.047Z] Command:       C:\Program Files\nodejs\node.exe C:\Users\FRESH\AppData\Roaming\npm\node_modules\firebase-tools\lib\bin\firebase.js init functions
[debug] [2024-05-24T02:56:51.048Z] CLI Version:   13.10.0
[debug] [2024-05-24T02:56:51.048Z] Platform:      win32
[debug] [2024-05-24T02:56:51.049Z] Node Version:  v21.2.0
[debug] [2024-05-24T02:56:51.049Z] Time:          Fri May 24 2024 03:56:51 GMT+0100 (West Africa Standard Time)
[debug] [2024-05-24T02:56:51.050Z] ----------------------------------------------------------------------
[debug] 
[debug] [2024-05-24T02:56:51.071Z] > command requires scopes: ["email","openid","https://www.googleapis.com/auth/cloudplatformprojects.readonly","https://www.googleapis.com/auth/firebase","https://www.googleapis.com/auth/cloud-platform"]
[debug] [2024-05-24T02:56:51.072Z] > authorizing via signed-in user (ibrahimolayiwola333@gmail.com)
[info] 
     ######## #### ########  ######## ########     ###     ######  ########
     ##        ##  ##     ## ##       ##     ##  ##   ##  ##       ##
     ######    ##  ########  ######   ########  #########  ######  ######
     ##        ##  ##    ##  ##       ##     ## ##     ##       ## ##
     ##       #### ##     ## ######## ########  ##     ##  ######  ########

You're about to initialize a Firebase project in this directory:

  C:\Users\FRESH\OneDrive\HIGHBEE\OneDrive\Documents\quaterz-project\quaterz

[info] 
=== Project Setup
[info] 
[info] First, let's associate this project directory with a Firebase project.
[info] You can create multiple project aliases by running firebase use --add, 
[info] but for now we'll just set up a default project.
[info] 
[debug] [2024-05-24T02:56:56.457Z] > refreshing access token with scopes: []
[debug] [2024-05-24T02:56:56.460Z] >>> [apiv2][query] POST https://www.googleapis.com/oauth2/v3/token [none]
[debug] [2024-05-24T02:56:56.460Z] >>> [apiv2][body] POST https://www.googleapis.com/oauth2/v3/token [omitted]
[debug] [2024-05-24T02:56:57.261Z] <<< [apiv2][status] POST https://www.googleapis.com/oauth2/v3/token 400
[debug] [2024-05-24T02:56:57.261Z] <<< [apiv2][body] POST https://www.googleapis.com/oauth2/v3/token [omitted]
[debug] [2024-05-24T02:56:57.264Z] >>> [apiv2][query] GET https://firebase.googleapis.com/v1beta1/projects pageSize=100
[debug] [2024-05-24T02:56:57.957Z] <<< [apiv2][status] GET https://firebase.googleapis.com/v1beta1/projects 401
[debug] [2024-05-24T02:56:57.958Z] <<< [apiv2][body] GET https://firebase.googleapis.com/v1beta1/projects [omitted]
[debug] [2024-05-24T02:56:57.960Z] HTTP Error: 401, Request had invalid authentication credentials. Expected OAuth 2 access token, login cookie or other valid authentication credential. See https://developers.google.com/identity/sign-in/web/devconsole-project.
[debug] [2024-05-24T02:56:58.348Z] FirebaseError: HTTP Error: 401, Request had invalid authentication credentials. Expected OAuth 2 access token, login cookie or other valid authentication credential. See https://developers.google.com/identity/sign-in/web/devconsole-project.
    at responseToError (C:\Users\FRESH\AppData\Roaming\npm\node_modules\firebase-tools\lib\responseToError.js:49:12)
    at RetryOperation._fn (C:\Users\FRESH\AppData\Roaming\npm\node_modules\firebase-tools\lib\apiv2.js:305:77)
    at process.processTicksAndRejections (node:internal/process/task_queues:95:5)
[error] 
[error] Error: Failed to list Firebase projects. See firebase-debug.log for more info.
[debug] [2024-05-26T02:56:53.252Z] ----------------------------------------------------------------------
[debug] [2024-05-26T02:56:53.262Z] Command:       C:\Program Files\nodejs\node.exe C:\Users\FRESH\AppData\Roaming\npm\node_modules\firebase-tools\lib\bin\firebase.js init functions
[debug] [2024-05-26T02:56:53.264Z] CLI Version:   13.10.0
[debug] [2024-05-26T02:56:53.265Z] Platform:      win32
[debug] [2024-05-26T02:56:53.265Z] Node Version:  v21.2.0
[debug] [2024-05-26T02:56:53.269Z] Time:          Sun May 26 2024 03:56:53 GMT+0100 (West Africa Standard Time)
[debug] [2024-05-26T02:56:53.270Z] ----------------------------------------------------------------------
[debug] 
[debug] [2024-05-26T02:56:53.283Z] >>> [apiv2][query] GET https://firebase-public.firebaseio.com/cli.json [none]
[debug] [2024-05-26T02:56:53.563Z] > command requires scopes: ["email","openid","https://www.googleapis.com/auth/cloudplatformprojects.readonly","https://www.googleapis.com/auth/firebase","https://www.googleapis.com/auth/cloud-platform"]
[debug] [2024-05-26T02:56:53.564Z] > authorizing via signed-in user (ibrahimolayiwola333@gmail.com)
[info] 
     ######## #### ########  ######## ########     ###     ######  ########
     ##        ##  ##     ## ##       ##     ##  ##   ##  ##       ##
     ######    ##  ########  ######   ########  #########  ######  ######
     ##        ##  ##    ##  ##       ##     ## ##     ##       ## ##
     ##       #### ##     ## ######## ########  ##     ##  ######  ########

You're about to initialize a Firebase project in this directory:

  C:\Users\FRESH\OneDrive\HIGHBEE\OneDrive\Documents\quaterz-project\quaterz

[debug] [2024-05-26T02:56:54.678Z] <<< [apiv2][status] GET https://firebase-public.firebaseio.com/cli.json 200
[debug] [2024-05-26T02:56:54.678Z] <<< [apiv2][body] GET https://firebase-public.firebaseio.com/cli.json {"cloudBuildErrorAfter":1594252800000,"cloudBuildWarnAfter":1590019200000,"defaultNode10After":1594252800000,"minVersion":"3.0.5","node8DeploysDisabledAfter":1613390400000,"node8RuntimeDisabledAfter":1615809600000,"node8WarnAfter":1600128000000}
[info] 
=== Project Setup
[info] 
[info] First, let's associate this project directory with a Firebase project.
[info] You can create multiple project aliases by running firebase use --add, 
[info] but for now we'll just set up a default project.
[info] 
[debug] [2024-05-26T02:57:10.785Z] > refreshing access token with scopes: []
[debug] [2024-05-26T02:57:10.787Z] >>> [apiv2][query] POST https://www.googleapis.com/oauth2/v3/token [none]
[debug] [2024-05-26T02:57:10.787Z] >>> [apiv2][body] POST https://www.googleapis.com/oauth2/v3/token [omitted]
[debug] [2024-05-26T02:57:11.202Z] <<< [apiv2][status] POST https://www.googleapis.com/oauth2/v3/token 400
[debug] [2024-05-26T02:57:11.202Z] <<< [apiv2][body] POST https://www.googleapis.com/oauth2/v3/token [omitted]
[debug] [2024-05-26T02:57:11.207Z] >>> [apiv2][query] GET https://firebase.googleapis.com/v1beta1/projects pageSize=100
[debug] [2024-05-26T02:57:11.711Z] <<< [apiv2][status] GET https://firebase.googleapis.com/v1beta1/projects 401
[debug] [2024-05-26T02:57:11.712Z] <<< [apiv2][body] GET https://firebase.googleapis.com/v1beta1/projects [omitted]
[debug] [2024-05-26T02:57:11.714Z] HTTP Error: 401, Request had invalid authentication credentials. Expected OAuth 2 access token, login cookie or other valid authentication credential. See https://developers.google.com/identity/sign-in/web/devconsole-project.
[debug] [2024-05-26T02:57:12.113Z] FirebaseError: HTTP Error: 401, Request had invalid authentication credentials. Expected OAuth 2 access token, login cookie or other valid authentication credential. See https://developers.google.com/identity/sign-in/web/devconsole-project.
    at responseToError (C:\Users\FRESH\AppData\Roaming\npm\node_modules\firebase-tools\lib\responseToError.js:49:12)
    at RetryOperation._fn (C:\Users\FRESH\AppData\Roaming\npm\node_modules\firebase-tools\lib\apiv2.js:305:77)
    at process.processTicksAndRejections (node:internal/process/task_queues:95:5)
[error] 
[error] Error: Failed to list Firebase projects. See firebase-debug.log for more info.
